2024-02-23T13:01:56.400-08:00  INFO 12432 --- [main] c.e.security.SecurityAppApplication      : Starting SecurityAppApplication using Java 21.0.1 with PID 12432 (C:\Users\johnn\java-ws\SecurityApp\target\classes started by johnn in C:\Users\johnn\java-ws\SecurityApp)
2024-02-23T13:01:56.420-08:00  INFO 12432 --- [main] c.e.security.SecurityAppApplication      : No active profile set, falling back to 1 default profile: "default"
2024-02-23T13:01:58.138-08:00  INFO 12432 --- [main] .s.d.r.c.RepositoryConfigurationDelegate : Bootstrapping Spring Data JPA repositories in DEFAULT mode.
2024-02-23T13:01:58.230-08:00  INFO 12432 --- [main] .s.d.r.c.RepositoryConfigurationDelegate : Finished Spring Data repository scanning in 73 ms. Found 1 JPA repository interface.
2024-02-23T13:01:59.231-08:00  INFO 12432 --- [main] o.s.b.w.embedded.tomcat.TomcatWebServer  : Tomcat initialized with port 8080 (http)
2024-02-23T13:01:59.274-08:00  INFO 12432 --- [main] o.apache.catalina.core.StandardService   : Starting service [Tomcat]
2024-02-23T13:01:59.274-08:00  INFO 12432 --- [main] o.apache.catalina.core.StandardEngine    : Starting Servlet engine: [Apache Tomcat/10.1.18]
2024-02-23T13:01:59.611-08:00  INFO 12432 --- [main] org.apache.jasper.servlet.TldScanner     : At least one JAR was scanned for TLDs yet contained no TLDs. Enable debug logging for this logger for a complete list of JARs that were scanned but no TLDs were found in them. Skipping unneeded JARs during scanning can improve startup time and JSP compilation time.
2024-02-23T13:01:59.623-08:00  INFO 12432 --- [main] o.a.c.c.C.[Tomcat].[localhost].[/]       : Initializing Spring embedded WebApplicationContext
2024-02-23T13:01:59.623-08:00  INFO 12432 --- [main] w.s.c.ServletWebServerApplicationContext : Root WebApplicationContext: initialization completed in 3062 ms
2024-02-23T13:01:59.858-08:00  INFO 12432 --- [main] com.zaxxer.hikari.HikariDataSource       : HikariPool-1 - Starting...
2024-02-23T13:02:00.325-08:00  INFO 12432 --- [main] com.zaxxer.hikari.pool.HikariPool        : HikariPool-1 - Added connection com.mysql.cj.jdbc.ConnectionImpl@1e40fbb3
2024-02-23T13:02:00.328-08:00  INFO 12432 --- [main] com.zaxxer.hikari.HikariDataSource       : HikariPool-1 - Start completed.
2024-02-23T13:02:00.481-08:00  INFO 12432 --- [main] o.hibernate.jpa.internal.util.LogHelper  : HHH000204: Processing PersistenceUnitInfo [name: default]
2024-02-23T13:02:00.704-08:00  INFO 12432 --- [main] org.hibernate.Version                    : HHH000412: Hibernate ORM core version 6.4.1.Final
2024-02-23T13:02:00.764-08:00  INFO 12432 --- [main] o.h.c.internal.RegionFactoryInitiator    : HHH000026: Second-level cache disabled
2024-02-23T13:02:01.128-08:00  INFO 12432 --- [main] o.s.o.j.p.SpringPersistenceUnitInfo      : No LoadTimeWeaver setup: ignoring JPA class transformer
2024-02-23T13:02:02.066-08:00  INFO 12432 --- [main] o.h.e.t.j.p.i.JtaPlatformInitiator       : HHH000489: No JTA platform available (set 'hibernate.transaction.jta.platform' to enable JTA platform integration)
2024-02-23T13:02:02.071-08:00  INFO 12432 --- [main] j.LocalContainerEntityManagerFactoryBean : Initialized JPA EntityManagerFactory for persistence unit 'default'
2024-02-23T13:02:02.644-08:00  WARN 12432 --- [main] JpaBaseConfiguration$JpaWebConfiguration : spring.jpa.open-in-view is enabled by default. Therefore, database queries may be performed during view rendering. Explicitly configure spring.jpa.open-in-view to disable this warning
2024-02-23T13:02:03.087-08:00 TRACE 12432 --- [main] eGlobalAuthenticationAutowiredConfigurer : Eagerly initializing {org.springframework.boot.autoconfigure.security.servlet.SpringBootWebSecurityConfiguration$WebSecurityEnablerConfiguration=org.springframework.boot.autoconfigure.security.servlet.SpringBootWebSecurityConfiguration$WebSecurityEnablerConfiguration@2c257c0a}
2024-02-23T13:02:03.240-08:00  INFO 12432 --- [main] o.s.s.web.DefaultSecurityFilterChain     : Will secure any request with [org.springframework.security.web.session.DisableEncodeUrlFilter@4fae4c3b, org.springframework.security.web.context.request.async.WebAsyncManagerIntegrationFilter@2222cd2c, org.springframework.security.web.context.SecurityContextHolderFilter@294ebdae, org.springframework.security.web.header.HeaderWriterFilter@520eb9f8, org.springframework.web.filter.CorsFilter@4cddc3d9, org.springframework.security.web.csrf.CsrfFilter@175c26ff, org.springframework.security.web.authentication.logout.LogoutFilter@535aa7c7, org.springframework.security.web.authentication.UsernamePasswordAuthenticationFilter@5134a7d6, org.springframework.security.web.authentication.ui.DefaultLoginPageGeneratingFilter@3093161a, org.springframework.security.web.authentication.ui.DefaultLogoutPageGeneratingFilter@3d2b8e, org.springframework.security.web.authentication.www.BasicAuthenticationFilter@2c485b3a, org.springframework.security.web.savedrequest.RequestCacheAwareFilter@54e3cba2, org.springframework.security.web.servletapi.SecurityContextHolderAwareRequestFilter@4f1aa2bc, org.springframework.security.web.authentication.AnonymousAuthenticationFilter@3dcf6026, org.springframework.security.web.access.ExceptionTranslationFilter@55849272, org.springframework.security.web.access.intercept.AuthorizationFilter@1181526e]
2024-02-23T13:02:03.375-08:00  INFO 12432 --- [main] o.s.b.w.embedded.tomcat.TomcatWebServer  : Tomcat started on port 8080 (http) with context path ''
2024-02-23T13:02:03.387-08:00  INFO 12432 --- [main] c.e.security.SecurityAppApplication      : Started SecurityAppApplication in 7.726 seconds (process running for 8.803)
